c:\users\보운\documents\visual studio 2013\projects\any\any\debug\vc120.pdb
c:\users\보운\documents\visual studio 2013\projects\any\any\debug\vc120.idb
c:\users\보운\documents\visual studio 2013\projects\any\any\debug\practice2.obj
c:\users\보운\documents\visual studio 2013\projects\any\debug\any.ilk
c:\users\보운\documents\visual studio 2013\projects\any\debug\any.exe
c:\users\보운\documents\visual studio 2013\projects\any\debug\any.pdb
c:\users\보운\documents\visual studio 2013\projects\any\any\debug\20113259.obj
c:\users\보운\documents\visual studio 2013\projects\any\any\debug\any.obj
c:\users\보운\documents\visual studio 2013\projects\any\any\debug\any2.obj
c:\users\보운\documents\visual studio 2013\projects\any\any\debug\lab002_20113259.obj
c:\users\보운\documents\visual studio 2013\projects\any\any\debug\lab004.obj
c:\users\보운\documents\visual studio 2013\projects\any\any\debug\lab005.obj
c:\users\보운\documents\visual studio 2013\projects\any\any\debug\lab009.obj
c:\users\보운\documents\visual studio 2013\projects\any\any\debug\main.obj
c:\users\보운\documents\visual studio 2013\projects\any\any\debug\matrix.obj
c:\users\보운\documents\visual studio 2013\projects\any\any\debug\practice.obj
c:\users\보운\documents\visual studio 2013\projects\any\any\debug\sparse matrix main.obj
c:\users\보운\documents\visual studio 2013\projects\any\any\debug\sparse matrix.obj
c:\users\보운\documents\visual studio 2013\projects\any\any\debug\any.tlog\cl.command.1.tlog
c:\users\보운\documents\visual studio 2013\projects\any\any\debug\any.tlog\cl.read.1.tlog
c:\users\보운\documents\visual studio 2013\projects\any\any\debug\any.tlog\cl.write.1.tlog
c:\users\보운\documents\visual studio 2013\projects\any\any\debug\any.tlog\link.command.1.tlog
c:\users\보운\documents\visual studio 2013\projects\any\any\debug\any.tlog\link.read.1.tlog
c:\users\보운\documents\visual studio 2013\projects\any\any\debug\any.tlog\link.write.1.tlog
