c:\users\보운\documents\visual studio 2008\projects\2학기\기말프로젝트\기말프로젝트\debug\vc120.pdb
c:\users\보운\documents\visual studio 2008\projects\2학기\기말프로젝트\기말프로젝트\debug\vc120.idb
c:\users\보운\documents\visual studio 2008\projects\2학기\기말프로젝트\기말프로젝트\debug\fprint.obj
c:\users\보운\documents\visual studio 2008\projects\2학기\기말프로젝트\기말프로젝트\debug\input.obj
c:\users\보운\documents\visual studio 2008\projects\2학기\기말프로젝트\기말프로젝트\debug\main.obj
c:\users\보운\documents\visual studio 2008\projects\2학기\기말프로젝트\기말프로젝트\debug\print.obj
c:\users\보운\documents\visual studio 2008\projects\2학기\기말프로젝트\기말프로젝트\debug\sort.obj
c:\users\보운\documents\visual studio 2008\projects\2학기\기말프로젝트\기말프로젝트\debug\progects.obj
c:\users\보운\documents\visual studio 2008\projects\2학기\기말프로젝트\기말프로젝트\debug\기말프로젝트.exe.embed.manifest
c:\users\보운\documents\visual studio 2008\projects\2학기\기말프로젝트\기말프로젝트\debug\기말프로젝트.exe.intermediate.manifest
c:\users\보운\documents\visual studio 2008\projects\2학기\기말프로젝트\기말프로젝트\debug\기말프로젝트.exe.embed.manifest.res
c:\users\보운\documents\visual studio 2008\projects\2학기\기말프로젝트\기말프로젝트\debug\vc90.idb
c:\users\보운\documents\visual studio 2008\projects\2학기\기말프로젝트\기말프로젝트\debug\vc90.pdb
c:\users\보운\documents\visual studio 2008\projects\2학기\기말프로젝트\debug\기말프로젝트.pdb
c:\users\보운\documents\visual studio 2008\projects\2학기\기말프로젝트\기말프로젝트\debug\기말프로젝트.tlog\cl.command.1.tlog
c:\users\보운\documents\visual studio 2008\projects\2학기\기말프로젝트\기말프로젝트\debug\기말프로젝트.tlog\cl.read.1.tlog
c:\users\보운\documents\visual studio 2008\projects\2학기\기말프로젝트\기말프로젝트\debug\기말프로젝트.tlog\cl.write.1.tlog
c:\users\보운\documents\visual studio 2008\projects\2학기\기말프로젝트\기말프로젝트\debug\기말프로젝트.tlog\link-cvtres.read.1.tlog
c:\users\보운\documents\visual studio 2008\projects\2학기\기말프로젝트\기말프로젝트\debug\기말프로젝트.tlog\link-cvtres.write.1.tlog
c:\users\보운\documents\visual studio 2008\projects\2학기\기말프로젝트\기말프로젝트\debug\기말프로젝트.tlog\link-rc.read.1.tlog
c:\users\보운\documents\visual studio 2008\projects\2학기\기말프로젝트\기말프로젝트\debug\기말프로젝트.tlog\link-rc.write.1.tlog
c:\users\보운\documents\visual studio 2008\projects\2학기\기말프로젝트\기말프로젝트\debug\기말프로젝트.tlog\link.command.1.tlog
c:\users\보운\documents\visual studio 2008\projects\2학기\기말프로젝트\기말프로젝트\debug\기말프로젝트.tlog\link.read.1.tlog
c:\users\보운\documents\visual studio 2008\projects\2학기\기말프로젝트\기말프로젝트\debug\기말프로젝트.tlog\link.write.1.tlog
