c:\users\보운\documents\visual studio 2013\projects\data structures\data structures\debug\vc120.pdb
c:\users\보운\documents\visual studio 2013\projects\data structures\data structures\debug\vc120.idb
c:\users\보운\documents\visual studio 2013\projects\data structures\data structures\debug\bubble_sort.obj
c:\users\보운\documents\visual studio 2013\projects\data structures\data structures\debug\sort.obj
c:\users\보운\documents\visual studio 2013\projects\data structures\data structures\debug\graphsearch.obj
c:\users\보운\documents\visual studio 2013\projects\data structures\data structures\debug\double_linked_list.obj
c:\users\보운\documents\visual studio 2013\projects\data structures\data structures\debug\shortestpath.obj
c:\users\보운\documents\visual studio 2013\projects\data structures\data structures\debug\hashtable.obj
c:\users\보운\documents\visual studio 2013\projects\data structures\debug\data structures.ilk
c:\users\보운\documents\visual studio 2013\projects\data structures\debug\data structures.exe
c:\users\보운\documents\visual studio 2013\projects\data structures\debug\data structures.pdb
c:\users\보운\documents\visual studio 2013\projects\data structures\data structures\debug\binary_tree.obj
c:\users\보운\documents\visual studio 2013\projects\data structures\data structures\debug\circular_linked_list.obj
c:\users\보운\documents\visual studio 2013\projects\data structures\data structures\debug\circular_linked_list_main.obj
c:\users\보운\documents\visual studio 2013\projects\data structures\data structures\debug\header_linked_list.obj
c:\users\보운\documents\visual studio 2013\projects\data structures\data structures\debug\linked_list.obj
c:\users\보운\documents\visual studio 2013\projects\data structures\data structures\debug\practice.obj
c:\users\보운\documents\visual studio 2013\projects\data structures\data structures\debug\data structures.tlog\cl.command.1.tlog
c:\users\보운\documents\visual studio 2013\projects\data structures\data structures\debug\data structures.tlog\cl.read.1.tlog
c:\users\보운\documents\visual studio 2013\projects\data structures\data structures\debug\data structures.tlog\cl.write.1.tlog
c:\users\보운\documents\visual studio 2013\projects\data structures\data structures\debug\data structures.tlog\link.command.1.tlog
c:\users\보운\documents\visual studio 2013\projects\data structures\data structures\debug\data structures.tlog\link.read.1.tlog
c:\users\보운\documents\visual studio 2013\projects\data structures\data structures\debug\data structures.tlog\link.write.1.tlog
