c:\users\보운\documents\visual studio 2010\projects\cpractice\cpractice\debug\cpractice.obj
c:\users\보운\documents\visual studio 2010\projects\cpractice\cpractice\debug\vc100.pdb
c:\users\보운\documents\visual studio 2010\projects\cpractice\debug\cpractice.ilk
c:\users\보운\documents\visual studio 2010\projects\cpractice\debug\cpractice.exe
c:\users\보운\documents\visual studio 2010\projects\cpractice\cpractice\debug\cpractice.exe.intermediate.manifest
c:\users\보운\documents\visual studio 2010\projects\cpractice\debug\cpractice.pdb
c:\users\보운\documents\visual studio 2010\projects\cpractice\cpractice\debug\cpractice.exe.embed.manifest
c:\users\보운\documents\visual studio 2010\projects\cpractice\cpractice\debug\cpractice.exe.embed.manifest.res
c:\users\보운\documents\visual studio 2013\projects\cpractice\cpractice\debug\vc120.pdb
c:\users\보운\documents\visual studio 2013\projects\cpractice\cpractice\debug\vc120.idb
c:\users\보운\documents\visual studio 2013\projects\cpractice\cpractice\debug\cpractice.obj
c:\users\보운\documents\visual studio 2013\projects\cpractice\cpractice\debug\cpractice.vcxprojresolveassemblyreference.cache
c:\users\보운\documents\visual studio 2013\projects\cpractice\cpractice\debug\cl.command.1.tlog
c:\users\보운\documents\visual studio 2013\projects\cpractice\cpractice\debug\cl.read.1.tlog
c:\users\보운\documents\visual studio 2013\projects\cpractice\cpractice\debug\cl.write.1.tlog
c:\users\보운\documents\visual studio 2013\projects\cpractice\cpractice\debug\cpractice.write.1.tlog
c:\users\보운\documents\visual studio 2013\projects\cpractice\cpractice\debug\link-cvtres.read.1.tlog
c:\users\보운\documents\visual studio 2013\projects\cpractice\cpractice\debug\link-cvtres.write.1.tlog
c:\users\보운\documents\visual studio 2013\projects\cpractice\cpractice\debug\link.command.1.tlog
c:\users\보운\documents\visual studio 2013\projects\cpractice\cpractice\debug\link.read.1.tlog
c:\users\보운\documents\visual studio 2013\projects\cpractice\cpractice\debug\link.write.1.tlog
c:\users\보운\documents\visual studio 2013\projects\cpractice\cpractice\debug\mt.command.1.tlog
c:\users\보운\documents\visual studio 2013\projects\cpractice\cpractice\debug\mt.read.1.tlog
c:\users\보운\documents\visual studio 2013\projects\cpractice\cpractice\debug\mt.write.1.tlog
c:\users\보운\documents\visual studio 2013\projects\cpractice\cpractice\debug\rc.command.1.tlog
c:\users\보운\documents\visual studio 2013\projects\cpractice\cpractice\debug\rc.read.1.tlog
c:\users\보운\documents\visual studio 2013\projects\cpractice\cpractice\debug\rc.write.1.tlog
c:\users\보운\documents\visual studio 2013\projects\cpractice\cpractice\debug\cpractice.exe.embed.manifest
c:\users\보운\documents\visual studio 2013\projects\cpractice\cpractice\debug\cpractice.exe.intermediate.manifest
c:\users\보운\documents\visual studio 2013\projects\cpractice\cpractice\debug\cpractice.exe.embed.manifest.res
c:\users\보운\documents\visual studio 2013\projects\cpractice\cpractice\debug\vc100.idb
c:\users\보운\documents\visual studio 2013\projects\cpractice\cpractice\debug\vc100.pdb
c:\users\보운\documents\visual studio 2013\projects\cpractice\cpractice\debug\cpractice_manifest.rc
c:\users\보운\documents\visual studio 2013\projects\cpractice\debug\cpractice.pdb
c:\users\보운\documents\visual studio 2013\projects\cpractice\cpractice\debug\cpractice.tlog\cl.command.1.tlog
c:\users\보운\documents\visual studio 2013\projects\cpractice\cpractice\debug\cpractice.tlog\cl.read.1.tlog
c:\users\보운\documents\visual studio 2013\projects\cpractice\cpractice\debug\cpractice.tlog\cl.write.1.tlog
c:\users\보운\documents\visual studio 2013\projects\cpractice\cpractice\debug\cpractice.tlog\link-cvtres.read.1.tlog
c:\users\보운\documents\visual studio 2013\projects\cpractice\cpractice\debug\cpractice.tlog\link-cvtres.write.1.tlog
c:\users\보운\documents\visual studio 2013\projects\cpractice\cpractice\debug\cpractice.tlog\link-rc.read.1.tlog
c:\users\보운\documents\visual studio 2013\projects\cpractice\cpractice\debug\cpractice.tlog\link-rc.write.1.tlog
c:\users\보운\documents\visual studio 2013\projects\cpractice\cpractice\debug\cpractice.tlog\link.command.1.tlog
c:\users\보운\documents\visual studio 2013\projects\cpractice\cpractice\debug\cpractice.tlog\link.read.1.tlog
c:\users\보운\documents\visual studio 2013\projects\cpractice\cpractice\debug\cpractice.tlog\link.write.1.tlog
